10:01:33 **** Incremental Build of configuration Debug for project T3 ****
Info: Internal Builder is used for build
g++ "-LD:\\OpenCV\\OpenCV249MinGW\\x86\\lib" "-LC:\\OpenCV\\OpenCV246MinGW\\x86\\lib" -o T3.exe "src\\Canny.o" "src\\PuntoFugaAvanzado.o" "src\\PuntoFugaBasico.o" "src\\PuntoFugaImage.o" "src\\PuntoFugaLive.o" "src\\Sobel.o" -lopencv_calib3d249 -lopencv_contrib249 -lopencv_core249 -lopencv_features2d249 -lopencv_flann249 -lopencv_gpu249 -lopencv_highgui249 -lopencv_imgproc249 -lopencv_legacy249 -lopencv_ml249 -lopencv_nonfree249 -lopencv_objdetect249 -lopencv_photo249 -lopencv_stitching249 -lopencv_video249 -lopencv_videostab249 
c:/mingw/bin/../lib/gcc/mingw32/4.9.3/../../../../mingw32/bin/ld.exe: cannot find -lopencv_calib3d249
c:/mingw/bin/../lib/gcc/mingw32/4.9.3/../../../../mingw32/bin/ld.exe: cannot find -lopencv_contrib249
c:/mingw/bin/../lib/gcc/mingw32/4.9.3/../../../../mingw32/bin/ld.exe: cannot find -lopencv_core249
c:/mingw/bin/../lib/gcc/mingw32/4.9.3/../../../../mingw32/bin/ld.exe: cannot find -lopencv_features2d249
c:/mingw/bin/../lib/gcc/mingw32/4.9.3/../../../../mingw32/bin/ld.exe: cannot find -lopencv_flann249
c:/mingw/bin/../lib/gcc/mingw32/4.9.3/../../../../mingw32/bin/ld.exe: cannot find -lopencv_gpu249
c:/mingw/bin/../lib/gcc/mingw32/4.9.3/../../../../mingw32/bin/ld.exe: cannot find -lopencv_highgui249
c:/mingw/bin/../lib/gcc/mingw32/4.9.3/../../../../mingw32/bin/ld.exe: cannot find -lopencv_imgproc249
c:/mingw/bin/../lib/gcc/mingw32/4.9.3/../../../../mingw32/bin/ld.exe: cannot find -lopencv_legacy249
c:/mingw/bin/../lib/gcc/mingw32/4.9.3/../../../../mingw32/bin/ld.exe: cannot find -lopencv_ml249
c:/mingw/bin/../lib/gcc/mingw32/4.9.3/../../../../mingw32/bin/ld.exe: cannot find -lopencv_nonfree249
c:/mingw/bin/../lib/gcc/mingw32/4.9.3/../../../../mingw32/bin/ld.exe: cannot find -lopencv_objdetect249
c:/mingw/bin/../lib/gcc/mingw32/4.9.3/../../../../mingw32/bin/ld.exe: cannot find -lopencv_photo249
c:/mingw/bin/../lib/gcc/mingw32/4.9.3/../../../../mingw32/bin/ld.exe: cannot find -lopencv_stitching249
c:/mingw/bin/../lib/gcc/mingw32/4.9.3/../../../../mingw32/bin/ld.exe: cannot find -lopencv_video249
c:/mingw/bin/../lib/gcc/mingw32/4.9.3/../../../../mingw32/bin/ld.exe: cannot find -lopencv_videostab249
collect2.exe: error: ld returned 1 exit status

10:01:33 Build Finished (took 269ms)

